2023-09-03 20:59:11,118, INFO [metric_script_ganblr.py:55] Starting analysis
2023-09-03 20:59:11,206, INFO [data_utils.py:59] Converting dataset credit_risk_dataset
2023-09-03 21:01:47,898, INFO [data_utils.py:102] Dataset credit_risk_dataset converted
2023-09-03 21:01:47,899, INFO [data_utils.py:103] Dataset credit_risk_dataset has (array([0, 1, 2, 3, 4, 5, 6, 7, 8, 9]), array([17833,  5639,  5647,  1391,  1380,   426,    72,    74,    56,
          63], dtype=int64)) unique target classes
2023-09-03 21:01:47,899, INFO [data_utils.py:106] Dataset credit_risk_dataset has 11 features
2023-09-03 21:01:47,901, INFO [data_utils.py:107] Dataset credit_risk_dataset has 69 unique classes
2023-09-03 21:01:47,901, INFO [data_utils.py:111] Dataset credit_risk_dataset has 32581 rows
2023-09-03 21:01:47,902, INFO [data_utils.py:113] Dataset credit_risk_dataset feature head:
[[0 0 3 4 4 3 9 5 1 7 1]
 [0 0 2 0 1 1 0 3 0 1 0]
 [0 0 0 0 3 2 1 4 1 6 0]
 [0 0 3 0 3 2 9 5 1 6 0]
 [0 0 3 0 3 2 9 4 1 6 1]]
2023-09-03 21:01:47,902, INFO [data_utils.py:114] Dataset credit_risk_dataset target head:
[0 0 0 0 0]
2023-09-03 21:01:47,902, INFO [data_utils.py:59] Converting dataset SampleSuperstore
2023-09-03 21:01:52,568, INFO [data_utils.py:102] Dataset SampleSuperstore converted
2023-09-03 21:01:52,569, INFO [data_utils.py:103] Dataset SampleSuperstore has (array([0, 1, 2, 3, 4, 5, 6, 7, 8, 9]), array([   1,    2,    4,   34, 9907,   35,    5,    4,    1,    1],
      dtype=int64)) unique target classes
2023-09-03 21:01:52,569, INFO [data_utils.py:106] Dataset SampleSuperstore has 11 features
2023-09-03 21:01:52,569, INFO [data_utils.py:107] Dataset SampleSuperstore has 119 unique classes
2023-09-03 21:01:52,569, INFO [data_utils.py:111] Dataset SampleSuperstore has 9994 rows
2023-09-03 21:01:52,570, INFO [data_utils.py:113] Dataset SampleSuperstore feature head:
[[ 2  0  0 15  4  2  0  4  0  0  0]
 [ 2  0  0 15  4  2  0  5  0  1  0]
 [ 2  1  0  3  9  3  1 10  0  0  0]
 [ 3  0  0  8  3  2  0 16  0  3  5]
 [ 3  0  0  8  3  2  1 14  0  0  2]]
2023-09-03 21:01:52,570, INFO [data_utils.py:114] Dataset SampleSuperstore target head:
[4 4 4 4 4]
2023-09-03 21:01:52,570, INFO [metric_script_ganblr.py:63] Training GANBLR on dataset credit_risk_dataset
2023-09-03 21:02:15,299, INFO [metric_script_ganblr.py:65] Model trained on dataset credit_risk_dataset
2023-09-03 21:02:15,299, INFO [metric_script_ganblr.py:66] Generating synthetic data for dataset credit_risk_dataset
