2023-09-03 20:21:32,161, INFO [metric_script_ganblr.py:55] Starting analysis
2023-09-03 20:21:32,257, INFO [data_utils.py:59] Converting dataset credit_risk_dataset
2023-09-03 20:21:32,335, INFO [data_utils.py:102] Dataset credit_risk_dataset converted
2023-09-03 20:21:32,336, INFO [data_utils.py:103] Dataset credit_risk_dataset has [0 1 2 3 4 5 6 7 8 9] unique target classes
2023-09-03 20:21:32,336, INFO [data_utils.py:106] Dataset credit_risk_dataset has 11 features
2023-09-03 20:21:32,336, INFO [data_utils.py:107] Dataset credit_risk_dataset has 69 unique classes
2023-09-03 20:21:32,337, INFO [data_utils.py:111] Dataset credit_risk_dataset has 32581 rows
2023-09-03 20:21:32,338, INFO [data_utils.py:113] Dataset credit_risk_dataset feature head:
[[0 0 3 4 4 3 9 5 1 7 1]
 [0 0 2 0 1 1 0 3 0 1 0]
 [0 0 0 0 3 2 1 4 1 6 0]
 [0 0 3 0 3 2 9 5 1 6 0]
 [0 0 3 0 3 2 9 4 1 6 1]]
2023-09-03 20:21:32,338, INFO [data_utils.py:114] Dataset credit_risk_dataset target head:
[0 0 0 0 0]
2023-09-03 20:21:32,338, INFO [data_utils.py:59] Converting dataset SampleSuperstore
2023-09-03 20:21:32,383, INFO [data_utils.py:102] Dataset SampleSuperstore converted
2023-09-03 20:21:32,384, INFO [data_utils.py:103] Dataset SampleSuperstore has [0 1 2 3 4 5 6 7 8 9] unique target classes
2023-09-03 20:21:32,384, INFO [data_utils.py:106] Dataset SampleSuperstore has 11 features
2023-09-03 20:21:32,384, INFO [data_utils.py:107] Dataset SampleSuperstore has 119 unique classes
2023-09-03 20:21:32,384, INFO [data_utils.py:111] Dataset SampleSuperstore has 9994 rows
2023-09-03 20:21:32,386, INFO [data_utils.py:113] Dataset SampleSuperstore feature head:
[[ 2  0  0 15  4  2  0  4  0  0  0]
 [ 2  0  0 15  4  2  0  5  0  1  0]
 [ 2  1  0  3  9  3  1 10  0  0  0]
 [ 3  0  0  8  3  2  0 16  0  3  5]
 [ 3  0  0  8  3  2  1 14  0  0  2]]
2023-09-03 20:21:32,386, INFO [data_utils.py:114] Dataset SampleSuperstore target head:
[4 4 4 4 4]
2023-09-03 20:21:32,386, INFO [metric_script_ganblr.py:63] Training GANBLR on dataset credit_risk_dataset
2023-09-03 20:21:55,647, INFO [metric_script_ganblr.py:65] Model trained on dataset credit_risk_dataset
2023-09-03 20:21:55,647, INFO [metric_script_ganblr.py:66] Generating synthetic data for dataset credit_risk_dataset
2023-09-03 20:21:56,018, INFO [metric_script_ganblr.py:72] Starting analysis on dataset credit_risk_dataset
2023-09-03 20:21:56,019, INFO [metric_utils.py:11] Getting metrics for dataset credit_risk_dataset
2023-09-03 20:21:57,208, INFO [metric_utils.py:22] Dataset credit_risk_dataset - Adaboost accuracy on real data: 0.5947521865889213
2023-09-03 20:22:00,314, INFO [metric_utils.py:29] Dataset credit_risk_dataset - Random Forest accuracy on real data: 0.5628356605800214
2023-09-03 20:22:23,550, INFO [metric_utils.py:36] Dataset credit_risk_dataset - SVM accuracy on real data: 0.5548565290777965
2023-09-03 20:22:23,558, INFO [metric_utils.py:42] Dataset credit_risk_dataset - Adaboost accuracy on synthetic data: 0.5548565290777965
2023-09-03 20:22:23,773, INFO [metric_utils.py:49] Dataset credit_risk_dataset - Random Forest accuracy on synthetic data: 0.5548565290777965
