2023-09-03 19:49:36,537, INFO [metric_script_ganblr.py:55] Starting analysis
2023-09-03 19:49:36,631, INFO [data_utils.py:59] Converting dataset credit_risk_dataset
2023-09-03 19:49:36,713, INFO [data_utils.py:101] Dataset credit_risk_dataset converted
2023-09-03 19:49:36,714, INFO [data_utils.py:102] Dataset credit_risk_dataset has [0 1 2 3 4 5 6 7 8 9] unique target classes
2023-09-03 19:49:36,714, INFO [data_utils.py:105] Dataset credit_risk_dataset has 11 features
2023-09-03 19:49:36,714, INFO [data_utils.py:106] Dataset credit_risk_dataset has 69 unique classes
2023-09-03 19:49:36,715, INFO [data_utils.py:110] Dataset credit_risk_dataset has 32581 rows
2023-09-03 19:49:36,736, INFO [data_utils.py:112] Dataset credit_risk_dataset head:
   person_age  ...  cb_person_cred_hist_length
0          22  ...                           3
1          21  ...                           2
2          25  ...                           3
3          23  ...                           2
4          24  ...                           4

[5 rows x 12 columns]
2023-09-03 19:49:36,736, INFO [data_utils.py:59] Converting dataset SampleSuperstore
2023-09-03 19:49:36,781, INFO [data_utils.py:101] Dataset SampleSuperstore converted
2023-09-03 19:49:36,781, INFO [data_utils.py:102] Dataset SampleSuperstore has [0 1 2 3 4 5 6 7 8 9] unique target classes
2023-09-03 19:49:36,781, INFO [data_utils.py:105] Dataset SampleSuperstore has 11 features
2023-09-03 19:49:36,781, INFO [data_utils.py:106] Dataset SampleSuperstore has 119 unique classes
2023-09-03 19:49:36,781, INFO [data_utils.py:110] Dataset SampleSuperstore has 9994 rows
2023-09-03 19:49:36,803, INFO [data_utils.py:112] Dataset SampleSuperstore head:
        Ship Mode    Segment        Country  ... Quantity Discount    Profit
0    Second Class   Consumer  United States  ...        2     0.00   41.9136
1    Second Class   Consumer  United States  ...        3     0.00  219.5820
2    Second Class  Corporate  United States  ...        2     0.00    6.8714
3  Standard Class   Consumer  United States  ...        5     0.45 -383.0310
4  Standard Class   Consumer  United States  ...        2     0.20    2.5164

[5 rows x 13 columns]
2023-09-03 19:49:36,803, INFO [metric_script_ganblr.py:63] Training GANBLR on dataset credit_risk_dataset
